2017-10-19 17:08:09,646 INFO o.a.j.u.JMeterUtils: Setting Locale to en
2017-10-19 17:08:09,694 INFO o.a.j.JMeter: Loading user properties from: D:\Program Files\apache-jmeter-3.2\bin\user.properties
2017-10-19 17:08:09,723 INFO o.a.j.JMeter: Loading system properties from: D:\Program Files\apache-jmeter-3.2\bin\system.properties
2017-10-19 17:08:09,790 INFO o.a.j.JMeter: Copyright (c) 1998-2017 The Apache Software Foundation
2017-10-19 17:08:09,790 INFO o.a.j.JMeter: Version 3.2 r1790748
2017-10-19 17:08:09,790 INFO o.a.j.JMeter: java.version=1.8.0_131
2017-10-19 17:08:09,791 INFO o.a.j.JMeter: java.vm.name=Java HotSpot(TM) 64-Bit Server VM
2017-10-19 17:08:09,791 INFO o.a.j.JMeter: os.name=Windows 10
2017-10-19 17:08:09,791 INFO o.a.j.JMeter: os.arch=amd64
2017-10-19 17:08:09,791 INFO o.a.j.JMeter: os.version=10.0
2017-10-19 17:08:09,791 INFO o.a.j.JMeter: file.encoding=GBK
2017-10-19 17:08:09,791 INFO o.a.j.JMeter: Max memory     =536870912
2017-10-19 17:08:09,791 INFO o.a.j.JMeter: Available Processors =4
2017-10-19 17:08:09,846 INFO o.a.j.JMeter: Default Locale=中文 (中国)
2017-10-19 17:08:09,847 INFO o.a.j.JMeter: JMeter  Locale=英文
2017-10-19 17:08:09,847 INFO o.a.j.JMeter: JMeterHome=D:\Program Files\apache-jmeter-3.2
2017-10-19 17:08:09,847 INFO o.a.j.JMeter: user.dir  =G:\脚本\性能脚本\大连
2017-10-19 17:08:09,848 INFO o.a.j.JMeter: PWD       =G:\脚本\性能脚本\大连
2017-10-19 17:08:09,868 INFO o.a.j.JMeter: IP: 192.168.46.171 Name: Eys FullName: Eys
2017-10-19 17:08:09,871 INFO o.a.j.s.FileServer: Default base='G:\脚本\性能脚本\大连'
2017-10-19 17:08:09,871 INFO o.a.j.s.FileServer: Set new base='G:\脚本\性能脚本\大连'
2017-10-19 17:08:10,626 INFO o.a.j.s.SaveService: Testplan (JMX) version: 2.2. Testlog (JTL) version: 2.2
2017-10-19 17:08:10,677 INFO o.a.j.s.SaveService: Using SaveService properties file encoding UTF-8
2017-10-19 17:08:10,691 INFO o.a.j.s.SaveService: Using SaveService properties version 3.2
2017-10-19 17:08:10,706 INFO o.a.j.s.SaveService: Loading file: 大连BCpuborder订单.jmx
2017-10-19 17:08:10,915 INFO o.a.j.p.h.s.HTTPSamplerBase: Parser for text/html is org.apache.jmeter.protocol.http.parser.LagartoBasedHtmlParser
2017-10-19 17:08:10,915 INFO o.a.j.p.h.s.HTTPSamplerBase: Parser for application/xhtml+xml is org.apache.jmeter.protocol.http.parser.LagartoBasedHtmlParser
2017-10-19 17:08:10,915 INFO o.a.j.p.h.s.HTTPSamplerBase: Parser for application/xml is org.apache.jmeter.protocol.http.parser.LagartoBasedHtmlParser
2017-10-19 17:08:10,915 INFO o.a.j.p.h.s.HTTPSamplerBase: Parser for text/xml is org.apache.jmeter.protocol.http.parser.LagartoBasedHtmlParser
2017-10-19 17:08:10,915 INFO o.a.j.p.h.s.HTTPSamplerBase: Parser for text/vnd.wap.wml is org.apache.jmeter.protocol.http.parser.RegexpHTMLParser
2017-10-19 17:08:10,915 INFO o.a.j.p.h.s.HTTPSamplerBase: Parser for text/css is org.apache.jmeter.protocol.http.parser.CssParser
2017-10-19 17:08:11,244 INFO o.a.j.JMeter: Creating summariser <summary>
2017-10-19 17:09:57,189 INFO o.a.j.e.StandardJMeterEngine: Running the test!
2017-10-19 17:09:57,208 INFO o.a.j.s.SampleEvent: List of sample_variables: []
2017-10-19 17:09:57,208 INFO o.a.j.s.SampleEvent: List of sample_variables: []
2017-10-19 17:09:57,215 INFO o.a.j.e.u.CompoundVariable: Note: Function class names must contain the string: '.functions.'
2017-10-19 17:09:57,216 INFO o.a.j.e.u.CompoundVariable: Note: Function class names must not contain the string: '.gui.'
2017-10-19 17:09:58,211 INFO o.a.j.t.TestPlan: added D:\Program Files\apache-jmeter-3.2\lib\ojdbc6.jar to classpath
2017-10-19 17:09:58,233 INFO o.a.j.t.TestPlan: added G:\SWE\开发资源\ojdbc6.jar to classpath
2017-10-19 17:09:58,236 INFO o.a.j.JMeter: Running test (1508404198236)
2017-10-19 17:09:58,586 ERROR o.a.j.p.j.c.DataSourceElement: JDBC data source already defined for: oracleIP120
2017-10-19 17:09:58,587 INFO k.a.j.j.JMXMonCollector: JmxMon metrics will not be recorded! Please specify a file name in the gui or run the test with -JforceJmxMonFile=true
2017-10-19 17:09:58,602 ERROR k.a.j.j.JMXMonConnectionPool: Malformed JMX url
java.net.MalformedURLException: Service URL must start with service:jmx:
	at javax.management.remote.JMXServiceURL.<init>(Unknown Source) ~[?:1.8.0_131]
	at kg.apc.jmeter.jmxmon.JMXMonConnectionPool$JMXMonConnection$1.run(JMXMonConnectionPool.java:151) [jmeter-plugins-jmxmon-0.2.jar:?]
	at java.lang.Thread.run(Unknown Source) [?:1.8.0_131]
2017-10-19 17:09:58,645 ERROR k.a.j.j.JMXMonConnectionPool: Malformed JMX url
java.net.MalformedURLException: Service URL must start with service:jmx:
	at javax.management.remote.JMXServiceURL.<init>(Unknown Source) ~[?:1.8.0_131]
	at kg.apc.jmeter.jmxmon.JMXMonConnectionPool$JMXMonConnection$1.run(JMXMonConnectionPool.java:151) [jmeter-plugins-jmxmon-0.2.jar:?]
	at java.lang.Thread.run(Unknown Source) [?:1.8.0_131]
2017-10-19 17:09:58,940 INFO k.a.j.p.PerfMonCollector: PerfMon metrics will be stored in C:\Users\69472\AppData\Local\Temp\perfmon_6898849063267535391.jtl
